{
  "stats": {
    "suites": 1,
    "tests": 1,
    "passes": 1,
    "pending": 0,
    "failures": 0,
    "start": "2024-07-13T14:43:42.392Z",
    "end": "2024-07-13T14:43:42.466Z",
    "duration": 74,
    "testsRegistered": 1,
    "passPercent": 100,
    "pendingPercent": 0,
    "other": 0,
    "hasOther": false,
    "skipped": 0,
    "hasSkipped": false
  },
  "results": [
    {
      "uuid": "d0400d81-1a69-478b-8f7a-88aed4a08123",
      "title": "",
      "fullFile": "cypress\\integration\\examples\\JWT_Token.js",
      "file": "cypress\\integration\\examples\\JWT_Token.js",
      "beforeHooks": [],
      "afterHooks": [],
      "tests": [],
      "suites": [
        {
          "uuid": "6e5fe47a-f108-42a1-90f0-03492750ff73",
          "title": "JWT Session",
          "fullFile": "",
          "file": "",
          "beforeHooks": [],
          "afterHooks": [],
          "tests": [
            {
              "title": "is logged in through local storage",
              "fullTitle": "JWT Session is logged in through local storage",
              "timedOut": null,
              "duration": 59,
              "state": "passed",
              "speed": "fast",
              "pass": true,
              "fail": false,
              "pending": false,
              "context": "{\n  \"title\": \"cypress-mochawesome-reporter-videos-passed\",\n  \"value\": \"cypress\\\\integration\\\\examples\\\\JWT_Token.js\"\n}",
              "code": "var self = this,\n  args = arguments;\nreturn new Promise(function (resolve, reject) {\n  var gen = fn.apply(self, args);\n  function _next(value) {\n    asyncGeneratorStep(gen, resolve, reject, _next, _throw, \"next\", value);\n  }\n  function _throw(err) {\n    asyncGeneratorStep(gen, resolve, reject, _next, _throw, \"throw\", err);\n  }\n  _next(undefined);\n});",
              "err": {},
              "uuid": "ca70be81-fcbc-490c-b24e-4246084f5e75",
              "parentUUID": "6e5fe47a-f108-42a1-90f0-03492750ff73",
              "isHook": false,
              "skipped": false
            }
          ],
          "suites": [],
          "passes": [
            "ca70be81-fcbc-490c-b24e-4246084f5e75"
          ],
          "failures": [],
          "pending": [],
          "skipped": [],
          "duration": 59,
          "root": false,
          "rootEmpty": false,
          "_timeout": 2000
        }
      ],
      "passes": [],
      "failures": [],
      "pending": [],
      "skipped": [],
      "duration": 0,
      "root": true,
      "rootEmpty": true,
      "_timeout": 2000
    }
  ],
  "meta": {
    "mocha": {
      "version": "7.0.1"
    },
    "mochawesome": {
      "options": {
        "quiet": false,
        "reportFilename": "[status]_[datetime]-[name]-report",
        "saveHtml": false,
        "saveJson": true,
        "consoleReporter": "spec",
        "useInlineDiffs": false,
        "code": true
      },
      "version": "7.1.3"
    },
    "marge": {
      "options": {
        "charts": true,
        "reportPageTitle": "Automation Report",
        "reportFilename": "[status]_[datetime]-[name]-report",
        "autoOpen": true,
        "embeddedScreenshots": true,
        "inlineAssets": true,
        "saveAllAttempts": false,
        "overwrite": false,
        "html": false,
        "json": true,
        "reportDir": "cypress\\reports\\html\\.jsons"
      },
      "version": "6.2.0"
    }
  }
}